0 info it worked if it ends with ok
1 verbose cli [ '/usr/local/bin/node',
1 verbose cli   '/usr/local/bin/npm',
1 verbose cli   'install',
1 verbose cli   '-g',
1 verbose cli   'grunt-cli' ]
2 info using npm@2.14.4
3 info using node@v4.1.2
4 verbose install initial load of /usr/local/lib/package.json
5 verbose readDependencies loading dependencies from /usr/local/lib/package.json
6 silly cache add args [ 'grunt-cli', null ]
7 verbose cache add spec grunt-cli
8 silly cache add parsed spec Result {
8 silly cache add   raw: 'grunt-cli',
8 silly cache add   scope: null,
8 silly cache add   name: 'grunt-cli',
8 silly cache add   rawSpec: '',
8 silly cache add   spec: '*',
8 silly cache add   type: 'range' }
9 silly addNamed grunt-cli@*
10 verbose addNamed "*" is a valid semver range for grunt-cli
11 silly addNameRange { name: 'grunt-cli', range: '*', hasData: false }
12 silly mapToRegistry name grunt-cli
13 silly mapToRegistry using default registry
14 silly mapToRegistry registry https://registry.npmjs.org/
15 silly mapToRegistry uri https://registry.npmjs.org/grunt-cli
16 verbose addNameRange registry:https://registry.npmjs.org/grunt-cli not in flight; fetching
17 verbose request uri https://registry.npmjs.org/grunt-cli
18 verbose request no auth needed
19 info attempt registry request try #1 at 3:35:33 PM
20 verbose request id ee7d8e499758deab
21 verbose etag "CF4R85261RBIPZBF8TTT6N3YI"
22 http request GET https://registry.npmjs.org/grunt-cli
23 http 304 https://registry.npmjs.org/grunt-cli
24 silly get cb [ 304,
24 silly get   { date: 'Wed, 04 Nov 2015 21:35:33 GMT',
24 silly get     via: '1.1 varnish',
24 silly get     'cache-control': 'max-age=60',
24 silly get     etag: '"CF4R85261RBIPZBF8TTT6N3YI"',
24 silly get     age: '18',
24 silly get     connection: 'keep-alive',
24 silly get     'x-served-by': 'cache-ord1721-ORD',
24 silly get     'x-cache': 'HIT',
24 silly get     'x-cache-hits': '1',
24 silly get     'x-timer': 'S1446672933.971703,VS0,VE0',
24 silly get     vary: 'Accept' } ]
25 verbose etag https://registry.npmjs.org/grunt-cli from cache
26 verbose get saving grunt-cli to /Users/pcuervo/.npm/registry.npmjs.org/grunt-cli/.cache.json
27 silly addNameRange number 2 { name: 'grunt-cli', range: '*', hasData: true }
28 silly addNameRange versions [ 'grunt-cli',
28 silly addNameRange   [ '0.1.0',
28 silly addNameRange     '0.1.1',
28 silly addNameRange     '0.1.2',
28 silly addNameRange     '0.1.3',
28 silly addNameRange     '0.1.4',
28 silly addNameRange     '0.1.5',
28 silly addNameRange     '0.1.6',
28 silly addNameRange     '0.1.7',
28 silly addNameRange     '0.1.8',
28 silly addNameRange     '0.1.9',
28 silly addNameRange     '0.1.10',
28 silly addNameRange     '0.1.11',
28 silly addNameRange     '0.1.12',
28 silly addNameRange     '0.1.13' ] ]
29 silly addNamed grunt-cli@0.1.13
30 verbose addNamed "0.1.13" is a plain semver version for grunt-cli
31 silly cache afterAdd grunt-cli@0.1.13
32 verbose afterAdd /Users/pcuervo/.npm/grunt-cli/0.1.13/package/package.json not in flight; writing
33 verbose afterAdd /Users/pcuervo/.npm/grunt-cli/0.1.13/package/package.json written
34 silly install resolved [ { name: 'grunt-cli',
34 silly install resolved     description: 'The grunt command line interface.',
34 silly install resolved     version: '0.1.13',
34 silly install resolved     author: { name: 'Grunt Team' },
34 silly install resolved     homepage: 'http://gruntjs.com/',
34 silly install resolved     repository: { type: 'git', url: 'git://github.com/gruntjs/grunt-cli.git' },
34 silly install resolved     bugs: { url: 'http://github.com/gruntjs/grunt-cli/issues' },
34 silly install resolved     licenses: [ [Object] ],
34 silly install resolved     bin: { grunt: 'bin/grunt' },
34 silly install resolved     engines: { node: '>= 0.8.0' },
34 silly install resolved     scripts: { test: 'node bin/grunt test' },
34 silly install resolved     preferGlobal: true,
34 silly install resolved     dependencies: { nopt: '~1.0.10', 'findup-sync': '~0.1.0', resolve: '~0.3.1' },
34 silly install resolved     devDependencies: { grunt: '~0.4.0', 'grunt-contrib-jshint': '~0.2.0' },
34 silly install resolved     contributors: [ [Object], [Object], [Object], [Object] ],
34 silly install resolved     _id: 'grunt-cli@0.1.13',
34 silly install resolved     dist:
34 silly install resolved      { shasum: 'e9ebc4047631f5012d922770c39378133cad10f4',
34 silly install resolved        tarball: 'http://registry.npmjs.org/grunt-cli/-/grunt-cli-0.1.13.tgz' },
34 silly install resolved     _from: 'grunt-cli@*',
34 silly install resolved     _npmVersion: '1.3.24',
34 silly install resolved     _npmUser: { name: 'tkellen', email: 'tyler@sleekcode.net' },
34 silly install resolved     maintainers: [ [Object] ],
34 silly install resolved     directories: {},
34 silly install resolved     _shasum: 'e9ebc4047631f5012d922770c39378133cad10f4',
34 silly install resolved     _resolved: 'https://registry.npmjs.org/grunt-cli/-/grunt-cli-0.1.13.tgz',
34 silly install resolved     readme: 'ERROR: No README data found!' } ]
35 info install grunt-cli@0.1.13 into /usr/local/lib
36 info installOne grunt-cli@0.1.13
37 verbose installOne of grunt-cli to /usr/local/lib not in flight; installing
38 verbose lock using /Users/pcuervo/.npm/_locks/grunt-cli-58f484dab06f0a30.lock for /usr/local/lib/node_modules/grunt-cli
39 silly install write writing grunt-cli 0.1.13 to /usr/local/lib/node_modules/grunt-cli
40 verbose unbuild lib/node_modules/grunt-cli
41 info preuninstall grunt-cli@0.1.13
42 info uninstall grunt-cli@0.1.13
43 verbose unbuild rmStuff grunt-cli@0.1.13 from /usr/local/lib/node_modules
44 silly gentlyRm /usr/local/bin/grunt is being gently removed
45 silly gentlyRm verifying /usr/local is an npm working directory
46 silly gentlyRm containing path /usr/local is under npm's control, in /usr/local
47 silly gentlyRm deletion target /usr/local/bin/grunt is under /usr/local
48 verbose gentlyRm vacuuming from /usr/local/bin/grunt up to /usr/local
49 silly vacuum-fs removing /usr/local/bin/grunt
50 verbose unlock done using /Users/pcuervo/.npm/_locks/grunt-cli-58f484dab06f0a30.lock for /usr/local/lib/node_modules/grunt-cli
51 verbose stack Error: EACCES: permission denied, unlink '/usr/local/bin/grunt'
51 verbose stack     at Error (native)
52 verbose cwd /Users/pcuervo/Documents/sitios/carnival
53 error Darwin 14.5.0
54 error argv "/usr/local/bin/node" "/usr/local/bin/npm" "install" "-g" "grunt-cli"
55 error node v4.1.2
56 error npm  v2.14.4
57 error path /usr/local/bin/grunt
58 error code EACCES
59 error errno -13
60 error syscall unlink
61 error Error: EACCES: permission denied, unlink '/usr/local/bin/grunt'
61 error     at Error (native)
61 error  { [Error: EACCES: permission denied, unlink '/usr/local/bin/grunt']
61 error   errno: -13,
61 error   code: 'EACCES',
61 error   syscall: 'unlink',
61 error   path: '/usr/local/bin/grunt' }
62 error Please try running this command again as root/Administrator.
63 verbose exit [ -13, true ]
64 verbose unbuild lib/node_modules/grunt-cli
65 info preuninstall grunt-cli@0.1.13
66 info uninstall grunt-cli@0.1.13
67 verbose unbuild rmStuff grunt-cli@0.1.13 from /usr/local/lib/node_modules
68 silly gentlyRm /usr/local/bin/grunt is being gently removed
69 silly gentlyRm verifying /usr/local is an npm working directory
70 silly gentlyRm containing path /usr/local is under npm's control, in /usr/local
71 silly gentlyRm deletion target /usr/local/bin/grunt is under /usr/local
72 verbose gentlyRm vacuuming from /usr/local/bin/grunt up to /usr/local
73 silly vacuum-fs removing /usr/local/bin/grunt
74 error error rolling back Error: EACCES: permission denied, unlink '/usr/local/bin/grunt'
74 error error rolling back     at Error (native)
74 error error rolling back  { [Error: EACCES: permission denied, unlink '/usr/local/bin/grunt']
74 error error rolling back   errno: -13,
74 error error rolling back   code: 'EACCES',
74 error error rolling back   syscall: 'unlink',
74 error error rolling back   path: '/usr/local/bin/grunt' }
